2023-12-15 14:41:30,393 NanoPlot 1.24.0 started with arguments Namespace(N50=False, alength=False, bam=None, barcoded=False, color='#4CB391', colormap='Greens', cram=None, downsample=None, dpi=100, drop_outliers=False, fasta=None, fastq=None, fastq_minimal=None, fastq_rich=['reads.fq.gz'], font_scale=1, format='png', listcolormaps=False, listcolors=False, loglength=False, maxlength=None, minlength=None, minqual=None, no_N50=False, outdir='.', percentqual=False, pickle=None, plots=['kde', 'dot'], prefix='', raw=False, readtype='1D', runtime_until=None, store=False, summary=None, threads=4, title=None, ubam=None, verbose=True)
2023-12-15 14:41:30,393 Python version is: 3.6.7 | packaged by conda-forge | (default, Jul  2 2019, 02:18:42)  [GCC 7.3.0]
2023-12-15 14:41:30,394 Nanoplotter: valid output format png
2023-12-15 14:41:30,399 Nanoget: Starting to collect statistics from rich fastq file.
2023-12-15 14:41:30,399 Nanoget: Decompressing gzipped fastq reads.fq.gz
2023-12-15 14:41:51,285 Reduced DataFrame memory usage from 17.454214096069336Mb to 7.964805603027344Mb
2023-12-15 14:41:51,411 Nanoget: Gathered all metrics of 88845 reads
2023-12-15 14:41:51,468 Calculated statistics
2023-12-15 14:41:51,469 Using sequenced read lengths for plotting.
2023-12-15 14:41:51,476 Nanoplotter: Valid color #4CB391.
2023-12-15 14:41:51,476 Nanoplotter: Valid colormap Greens.
2023-12-15 14:41:51,480 Nanoplotter: Creating length plots for Read length.
2023-12-15 14:41:51,480 Nanoplotter: Using 88845 reads maximum of 60826bp.
2023-12-15 14:41:54,003 Created length plots
2023-12-15 14:41:54,011 Nanoplotter: Creating Read lengths vs Average read quality plots using statistics from 88845 reads.
2023-12-15 14:41:58,083 Created LengthvsQual plot
2023-12-15 14:41:58,083 Nanoplotter: Creating heatmap of reads per channel using 88845 reads.
2023-12-15 14:41:58,522 Created spatialheatmap for succesfull basecalls.
2023-12-15 14:41:58,535 Nanoplotter: Creating timeplots using 88845 reads.
2023-12-15 14:42:00,139 Created timeplots.
2023-12-15 14:42:00,139 Writing html report.
2023-12-15 14:42:04,562 Finished!
