2023-12-14 15:53:12,307 NanoPlot 1.24.0 started with arguments Namespace(N50=False, alength=False, bam=None, barcoded=False, color='#4CB391', colormap='Greens', cram=None, downsample=None, dpi=100, drop_outliers=False, fasta=None, fastq=None, fastq_minimal=None, fastq_rich=['reads.fq.gz'], font_scale=1, format='png', listcolormaps=False, listcolors=False, loglength=False, maxlength=None, minlength=None, minqual=None, no_N50=False, outdir='.', percentqual=False, pickle=None, plots=['kde', 'dot'], prefix='', raw=False, readtype='1D', runtime_until=None, store=False, summary=None, threads=4, title=None, ubam=None, verbose=True)
2023-12-14 15:53:12,307 Python version is: 3.6.7 | packaged by conda-forge | (default, Jul  2 2019, 02:18:42)  [GCC 7.3.0]
2023-12-14 15:53:12,308 Nanoplotter: valid output format png
2023-12-14 15:53:12,316 Nanoget: Starting to collect statistics from rich fastq file.
2023-12-14 15:53:12,316 Nanoget: Decompressing gzipped fastq reads.fq.gz
2023-12-14 15:53:31,816 Reduced DataFrame memory usage from 16.755809783935547Mb to 7.646116256713867Mb
2023-12-14 15:53:31,944 Nanoget: Gathered all metrics of 85290 reads
2023-12-14 15:53:32,003 Calculated statistics
2023-12-14 15:53:32,004 Using sequenced read lengths for plotting.
2023-12-14 15:53:32,010 Removed 1 artefactual reads with very short length and very high quality.
2023-12-14 15:53:32,065 Calculated statistics
2023-12-14 15:53:32,066 Nanoplotter: Valid color #4CB391.
2023-12-14 15:53:32,067 Nanoplotter: Valid colormap Greens.
2023-12-14 15:53:32,070 Nanoplotter: Creating length plots for Read length.
2023-12-14 15:53:32,071 Nanoplotter: Using 85289 reads maximum of 8789bp.
2023-12-14 15:53:34,151 Created length plots
2023-12-14 15:53:34,160 Nanoplotter: Creating Read lengths vs Average read quality plots using statistics from 85289 reads.
2023-12-14 15:53:38,503 Created LengthvsQual plot
2023-12-14 15:53:38,503 Nanoplotter: Creating heatmap of reads per channel using 85289 reads.
2023-12-14 15:53:38,983 Created spatialheatmap for succesfull basecalls.
2023-12-14 15:53:38,996 Nanoplotter: Creating timeplots using 85289 reads.
2023-12-14 15:53:40,766 Created timeplots.
2023-12-14 15:53:40,766 Writing html report.
2023-12-14 15:53:45,044 Finished!
