2023-12-18 10:50:29,587 NanoPlot 1.24.0 started with arguments Namespace(N50=False, alength=False, bam=None, barcoded=False, color='#4CB391', colormap='Greens', cram=None, downsample=None, dpi=100, drop_outliers=False, fasta=None, fastq=None, fastq_minimal=None, fastq_rich=['reads.fq.gz'], font_scale=1, format='png', listcolormaps=False, listcolors=False, loglength=False, maxlength=None, minlength=None, minqual=None, no_N50=False, outdir='.', percentqual=False, pickle=None, plots=['kde', 'dot'], prefix='', raw=False, readtype='1D', runtime_until=None, store=False, summary=None, threads=4, title=None, ubam=None, verbose=True)
2023-12-18 10:50:29,587 Python version is: 3.6.7 | packaged by conda-forge | (default, Jul  2 2019, 02:18:42)  [GCC 7.3.0]
2023-12-18 10:50:29,588 Nanoplotter: valid output format png
2023-12-18 10:50:29,594 Nanoget: Starting to collect statistics from rich fastq file.
2023-12-18 10:50:29,594 Nanoget: Decompressing gzipped fastq reads.fq.gz
2023-12-18 10:50:49,067 Reduced DataFrame memory usage from 16.95541000366211Mb to 7.73719596862793Mb
2023-12-18 10:50:49,186 Nanoget: Gathered all metrics of 86306 reads
2023-12-18 10:50:49,244 Calculated statistics
2023-12-18 10:50:49,245 Using sequenced read lengths for plotting.
2023-12-18 10:50:49,251 Removed 1 artefactual reads with very short length and very high quality.
2023-12-18 10:50:49,306 Calculated statistics
2023-12-18 10:50:49,307 Nanoplotter: Valid color #4CB391.
2023-12-18 10:50:49,307 Nanoplotter: Valid colormap Greens.
2023-12-18 10:50:49,311 Nanoplotter: Creating length plots for Read length.
2023-12-18 10:50:49,311 Nanoplotter: Using 86305 reads maximum of 8781bp.
2023-12-18 10:50:51,512 Created length plots
2023-12-18 10:50:51,520 Nanoplotter: Creating Read lengths vs Average read quality plots using statistics from 86305 reads.
2023-12-18 10:50:55,642 Created LengthvsQual plot
2023-12-18 10:50:55,643 Nanoplotter: Creating heatmap of reads per channel using 86305 reads.
2023-12-18 10:50:56,086 Created spatialheatmap for succesfull basecalls.
2023-12-18 10:50:56,098 Nanoplotter: Creating timeplots using 86305 reads.
2023-12-18 10:50:57,795 Created timeplots.
2023-12-18 10:50:57,796 Writing html report.
2023-12-18 10:51:02,136 Finished!
