2023-12-18 10:50:29,603 NanoPlot 1.24.0 started with arguments Namespace(N50=False, alength=False, bam=None, barcoded=False, color='#4CB391', colormap='Greens', cram=None, downsample=None, dpi=100, drop_outliers=False, fasta=None, fastq=None, fastq_minimal=None, fastq_rich=['reads.fq.gz'], font_scale=1, format='png', listcolormaps=False, listcolors=False, loglength=False, maxlength=None, minlength=None, minqual=None, no_N50=False, outdir='.', percentqual=False, pickle=None, plots=['kde', 'dot'], prefix='', raw=False, readtype='1D', runtime_until=None, store=False, summary=None, threads=4, title=None, ubam=None, verbose=True)
2023-12-18 10:50:29,603 Python version is: 3.6.7 | packaged by conda-forge | (default, Jul  2 2019, 02:18:42)  [GCC 7.3.0]
2023-12-18 10:50:29,604 Nanoplotter: valid output format png
2023-12-18 10:50:29,611 Nanoget: Starting to collect statistics from rich fastq file.
2023-12-18 10:50:29,611 Nanoget: Decompressing gzipped fastq reads.fq.gz
2023-12-18 10:50:49,428 Reduced DataFrame memory usage from 16.40159797668457Mb to 7.484485626220703Mb
2023-12-18 10:50:49,563 Nanoget: Gathered all metrics of 83487 reads
2023-12-18 10:50:49,619 Calculated statistics
2023-12-18 10:50:49,620 Using sequenced read lengths for plotting.
2023-12-18 10:50:49,626 Removed 1 artefactual reads with very short length and very high quality.
2023-12-18 10:50:49,680 Calculated statistics
2023-12-18 10:50:49,681 Nanoplotter: Valid color #4CB391.
2023-12-18 10:50:49,681 Nanoplotter: Valid colormap Greens.
2023-12-18 10:50:49,685 Nanoplotter: Creating length plots for Read length.
2023-12-18 10:50:49,685 Nanoplotter: Using 83486 reads maximum of 11236bp.
2023-12-18 10:50:51,846 Created length plots
2023-12-18 10:50:51,854 Nanoplotter: Creating Read lengths vs Average read quality plots using statistics from 83486 reads.
2023-12-18 10:50:55,947 Created LengthvsQual plot
2023-12-18 10:50:55,947 Nanoplotter: Creating heatmap of reads per channel using 83486 reads.
2023-12-18 10:50:56,386 Created spatialheatmap for succesfull basecalls.
2023-12-18 10:50:56,400 Nanoplotter: Creating timeplots using 83486 reads.
2023-12-18 10:50:58,251 Created timeplots.
2023-12-18 10:50:58,251 Writing html report.
2023-12-18 10:51:02,442 Finished!
