2023-12-14 11:15:19,972 NanoPlot 1.24.0 started with arguments Namespace(N50=False, alength=False, bam=None, barcoded=False, color='#4CB391', colormap='Greens', cram=None, downsample=None, dpi=100, drop_outliers=False, fasta=None, fastq=None, fastq_minimal=None, fastq_rich=['/media/disk1_12TB/aringeri/repos/long-read-ITS-metabarcoding/src/../data/fq/raw/20221214.CT.Sample1.BC89.fq.gz', '/media/disk1_12TB/aringeri/repos/long-read-ITS-metabarcoding/src/../data/fq/raw/20221214.CT.Sample2.BC90.fq.gz', '/media/disk1_12TB/aringeri/repos/long-read-ITS-metabarcoding/src/../data/fq/raw/20221214.CT.Sample3.BC91.fq.gz', '/media/disk1_12TB/aringeri/repos/long-read-ITS-metabarcoding/src/../data/fq/raw/20221214.CT.Sample4.BC92.fq.gz', '/media/disk1_12TB/aringeri/repos/long-read-ITS-metabarcoding/src/../data/fq/raw/20221214.CT.Sample5.BC93.fq.gz', '/media/disk1_12TB/aringeri/repos/long-read-ITS-metabarcoding/src/../data/fq/raw/20221214.CT.Sample6.BC94.fq.gz', '/media/disk1_12TB/aringeri/repos/long-read-ITS-metabarcoding/src/../data/fq/raw/20221214.CT.Sample7.BC95.fq.gz', '/media/disk1_12TB/aringeri/repos/long-read-ITS-metabarcoding/src/../data/fq/raw/20221214.CT.Sample8.BC96.fq.gz'], font_scale=1, format='png', listcolormaps=False, listcolors=False, loglength=False, maxlength=None, minlength=None, minqual=None, no_N50=False, outdir='.', percentqual=False, pickle=None, plots=['kde', 'dot'], prefix='', raw=False, readtype='1D', runtime_until=None, store=False, summary=None, threads=4, title=None, ubam=None, verbose=True)
2023-12-14 11:15:19,972 Python version is: 3.6.7 | packaged by conda-forge | (default, Jul  2 2019, 02:18:42)  [GCC 7.3.0]
2023-12-14 11:15:19,973 Nanoplotter: valid output format png
2023-12-14 11:15:19,995 Nanoget: Starting to collect statistics from rich fastq file.
2023-12-14 11:15:19,996 Nanoget: Decompressing gzipped fastq /media/disk1_12TB/aringeri/repos/long-read-ITS-metabarcoding/src/../data/fq/raw/20221214.CT.Sample1.BC89.fq.gz
2023-12-14 11:15:19,996 Nanoget: Starting to collect statistics from rich fastq file.
2023-12-14 11:15:19,996 Nanoget: Decompressing gzipped fastq /media/disk1_12TB/aringeri/repos/long-read-ITS-metabarcoding/src/../data/fq/raw/20221214.CT.Sample2.BC90.fq.gz
2023-12-14 11:15:19,996 Nanoget: Starting to collect statistics from rich fastq file.
2023-12-14 11:15:19,996 Nanoget: Starting to collect statistics from rich fastq file.
2023-12-14 11:15:19,997 Nanoget: Decompressing gzipped fastq /media/disk1_12TB/aringeri/repos/long-read-ITS-metabarcoding/src/../data/fq/raw/20221214.CT.Sample3.BC91.fq.gz
2023-12-14 11:15:19,997 Nanoget: Decompressing gzipped fastq /media/disk1_12TB/aringeri/repos/long-read-ITS-metabarcoding/src/../data/fq/raw/20221214.CT.Sample4.BC92.fq.gz
2023-12-14 11:15:57,169 Reduced DataFrame memory usage from 15.193584442138672Mb to 7.080766677856445Mb
2023-12-14 11:15:57,193 Nanoget: Starting to collect statistics from rich fastq file.
2023-12-14 11:15:57,193 Nanoget: Decompressing gzipped fastq /media/disk1_12TB/aringeri/repos/long-read-ITS-metabarcoding/src/../data/fq/raw/20221214.CT.Sample5.BC93.fq.gz
2023-12-14 11:16:03,429 Reduced DataFrame memory usage from 19.380081176757812Mb to 8.843599319458008Mb
2023-12-14 11:16:03,458 Nanoget: Starting to collect statistics from rich fastq file.
2023-12-14 11:16:03,458 Nanoget: Decompressing gzipped fastq /media/disk1_12TB/aringeri/repos/long-read-ITS-metabarcoding/src/../data/fq/raw/20221214.CT.Sample6.BC94.fq.gz
2023-12-14 11:16:04,366 Reduced DataFrame memory usage from 21.044857025146484Mb to 9.807573318481445Mb
2023-12-14 11:16:04,399 Nanoget: Starting to collect statistics from rich fastq file.
2023-12-14 11:16:04,399 Nanoget: Decompressing gzipped fastq /media/disk1_12TB/aringeri/repos/long-read-ITS-metabarcoding/src/../data/fq/raw/20221214.CT.Sample7.BC95.fq.gz
2023-12-14 11:16:09,673 Reduced DataFrame memory usage from 25.50580406188965Mb to 11.88646125793457Mb
2023-12-14 11:16:09,712 Nanoget: Starting to collect statistics from rich fastq file.
2023-12-14 11:16:09,712 Nanoget: Decompressing gzipped fastq /media/disk1_12TB/aringeri/repos/long-read-ITS-metabarcoding/src/../data/fq/raw/20221214.CT.Sample8.BC96.fq.gz
2023-12-14 11:16:20,384 Reduced DataFrame memory usage from 20.146066665649414Mb to 9.38871955871582Mb
2023-12-14 11:16:22,810 Reduced DataFrame memory usage from 16.934782028198242Mb to 7.727783203125Mb
2023-12-14 11:16:28,432 Reduced DataFrame memory usage from 20.388887405395508Mb to 9.30392837524414Mb
2023-12-14 11:16:35,937 Reduced DataFrame memory usage from 22.85756492614746Mb to 10.430412292480469Mb
2023-12-14 11:16:36,757 Nanoget: Gathered all metrics of 821817 reads
2023-12-14 11:16:37,341 Calculated statistics
2023-12-14 11:16:37,343 Using sequenced read lengths for plotting.
2023-12-14 11:16:37,389 Removed 3 artefactual reads with very short length and very high quality.
2023-12-14 11:16:37,959 Calculated statistics
2023-12-14 11:16:37,961 Nanoplotter: Valid color #4CB391.
2023-12-14 11:16:37,961 Nanoplotter: Valid colormap Greens.
2023-12-14 11:16:38,000 Nanoplotter: Creating length plots for Read length.
2023-12-14 11:16:38,003 Nanoplotter: Using 821814 reads maximum of 115155bp.
2023-12-14 11:16:49,399 Created length plots
2023-12-14 11:16:49,464 Nanoplotter: Creating Read lengths vs Average read quality plots using statistics from 821814 reads.
2023-12-14 11:17:01,038 Created LengthvsQual plot
2023-12-14 11:17:01,039 Nanoplotter: Creating heatmap of reads per channel using 821814 reads.
2023-12-14 11:17:01,504 Created spatialheatmap for succesfull basecalls.
2023-12-14 11:17:01,639 Nanoplotter: Creating timeplots using 821814 reads.
2023-12-14 11:17:07,905 Created timeplots.
2023-12-14 11:17:07,905 Writing html report.
2023-12-14 11:17:25,046 Finished!
