2023-12-18 10:23:39,370 NanoPlot 1.24.0 started with arguments Namespace(N50=False, alength=False, bam=None, barcoded=False, color='#4CB391', colormap='Greens', cram=None, downsample=None, dpi=100, drop_outliers=False, fasta=None, fastq=None, fastq_minimal=None, fastq_rich=['reads.fq.gz'], font_scale=1, format='png', listcolormaps=False, listcolors=False, loglength=False, maxlength=None, minlength=None, minqual=None, no_N50=False, outdir='.', percentqual=False, pickle=None, plots=['kde', 'dot'], prefix='', raw=False, readtype='1D', runtime_until=None, store=False, summary=None, threads=4, title=None, ubam=None, verbose=True)
2023-12-18 10:23:39,371 Python version is: 3.6.7 | packaged by conda-forge | (default, Jul  2 2019, 02:18:42)  [GCC 7.3.0]
2023-12-18 10:23:39,371 Nanoplotter: valid output format png
2023-12-18 10:23:39,377 Nanoget: Starting to collect statistics from rich fastq file.
2023-12-18 10:23:39,378 Nanoget: Decompressing gzipped fastq reads.fq.gz
2023-12-18 10:24:02,641 Reduced DataFrame memory usage from 20.146066665649414Mb to 9.38871955871582Mb
2023-12-18 10:24:02,792 Nanoget: Gathered all metrics of 102547 reads
2023-12-18 10:24:02,861 Calculated statistics
2023-12-18 10:24:02,862 Using sequenced read lengths for plotting.
2023-12-18 10:24:02,869 Removed 1 artefactual reads with very short length and very high quality.
2023-12-18 10:24:02,937 Calculated statistics
2023-12-18 10:24:02,938 Nanoplotter: Valid color #4CB391.
2023-12-18 10:24:02,938 Nanoplotter: Valid colormap Greens.
2023-12-18 10:24:02,942 Nanoplotter: Creating length plots for Read length.
2023-12-18 10:24:02,943 Nanoplotter: Using 102546 reads maximum of 70539bp.
2023-12-18 10:24:05,830 Created length plots
2023-12-18 10:24:05,839 Nanoplotter: Creating Read lengths vs Average read quality plots using statistics from 102546 reads.
2023-12-18 10:24:10,217 Created LengthvsQual plot
2023-12-18 10:24:10,218 Nanoplotter: Creating heatmap of reads per channel using 102546 reads.
2023-12-18 10:24:10,663 Created spatialheatmap for succesfull basecalls.
2023-12-18 10:24:10,679 Nanoplotter: Creating timeplots using 102546 reads.
2023-12-18 10:24:12,991 Created timeplots.
2023-12-18 10:24:12,991 Writing html report.
2023-12-18 10:24:17,922 Finished!
