2023-12-14 14:48:38,809 NanoPlot 1.24.0 started with arguments Namespace(N50=False, alength=False, bam=None, barcoded=False, color='#4CB391', colormap='Greens', cram=None, downsample=None, dpi=100, drop_outliers=False, fasta=None, fastq=None, fastq_minimal=None, fastq_rich=['reads.fq.gz'], font_scale=1, format='png', listcolormaps=False, listcolors=False, loglength=False, maxlength=None, minlength=None, minqual=None, no_N50=False, outdir='.', percentqual=False, pickle=None, plots=['kde', 'dot'], prefix='', raw=False, readtype='1D', runtime_until=None, store=False, summary=None, threads=4, title=None, ubam=None, verbose=True)
2023-12-14 14:48:38,809 Python version is: 3.6.7 | packaged by conda-forge | (default, Jul  2 2019, 02:18:42)  [GCC 7.3.0]
2023-12-14 14:48:38,809 Nanoplotter: valid output format png
2023-12-14 14:48:38,816 Nanoget: Starting to collect statistics from rich fastq file.
2023-12-14 14:48:38,816 Nanoget: Decompressing gzipped fastq reads.fq.gz
2023-12-14 14:49:02,308 Reduced DataFrame memory usage from 20.146066665649414Mb to 9.38871955871582Mb
2023-12-14 14:49:02,465 Nanoget: Gathered all metrics of 102547 reads
2023-12-14 14:49:02,534 Calculated statistics
2023-12-14 14:49:02,535 Using sequenced read lengths for plotting.
2023-12-14 14:49:02,542 Removed 1 artefactual reads with very short length and very high quality.
2023-12-14 14:49:02,608 Calculated statistics
2023-12-14 14:49:02,609 Nanoplotter: Valid color #4CB391.
2023-12-14 14:49:02,609 Nanoplotter: Valid colormap Greens.
2023-12-14 14:49:02,614 Nanoplotter: Creating length plots for Read length.
2023-12-14 14:49:02,614 Nanoplotter: Using 102546 reads maximum of 70539bp.
2023-12-14 14:49:05,504 Created length plots
2023-12-14 14:49:05,514 Nanoplotter: Creating Read lengths vs Average read quality plots using statistics from 102546 reads.
2023-12-14 14:49:09,867 Created LengthvsQual plot
2023-12-14 14:49:09,867 Nanoplotter: Creating heatmap of reads per channel using 102546 reads.
2023-12-14 14:49:10,311 Created spatialheatmap for succesfull basecalls.
2023-12-14 14:49:10,332 Nanoplotter: Creating timeplots using 102546 reads.
2023-12-14 14:49:12,524 Created timeplots.
2023-12-14 14:49:12,524 Writing html report.
2023-12-14 14:49:17,497 Finished!
