2023-12-14 14:48:38,825 NanoPlot 1.24.0 started with arguments Namespace(N50=False, alength=False, bam=None, barcoded=False, color='#4CB391', colormap='Greens', cram=None, downsample=None, dpi=100, drop_outliers=False, fasta=None, fastq=None, fastq_minimal=None, fastq_rich=['reads.fq.gz'], font_scale=1, format='png', listcolormaps=False, listcolors=False, loglength=False, maxlength=None, minlength=None, minqual=None, no_N50=False, outdir='.', percentqual=False, pickle=None, plots=['kde', 'dot'], prefix='', raw=False, readtype='1D', runtime_until=None, store=False, summary=None, threads=4, title=None, ubam=None, verbose=True)
2023-12-14 14:48:38,825 Python version is: 3.6.7 | packaged by conda-forge | (default, Jul  2 2019, 02:18:42)  [GCC 7.3.0]
2023-12-14 14:48:38,826 Nanoplotter: valid output format png
2023-12-14 14:48:38,832 Nanoget: Starting to collect statistics from rich fastq file.
2023-12-14 14:48:38,833 Nanoget: Decompressing gzipped fastq reads.fq.gz
2023-12-14 14:49:02,754 Reduced DataFrame memory usage from 21.044857025146484Mb to 9.807573318481445Mb
2023-12-14 14:49:02,911 Nanoget: Gathered all metrics of 107122 reads
2023-12-14 14:49:02,983 Calculated statistics
2023-12-14 14:49:02,984 Using sequenced read lengths for plotting.
2023-12-14 14:49:02,993 Nanoplotter: Valid color #4CB391.
2023-12-14 14:49:02,993 Nanoplotter: Valid colormap Greens.
2023-12-14 14:49:02,997 Nanoplotter: Creating length plots for Read length.
2023-12-14 14:49:02,998 Nanoplotter: Using 107122 reads maximum of 69345bp.
2023-12-14 14:49:06,188 Created length plots
2023-12-14 14:49:06,198 Nanoplotter: Creating Read lengths vs Average read quality plots using statistics from 107122 reads.
2023-12-14 14:49:10,684 Created LengthvsQual plot
2023-12-14 14:49:10,685 Nanoplotter: Creating heatmap of reads per channel using 107122 reads.
2023-12-14 14:49:11,206 Created spatialheatmap for succesfull basecalls.
2023-12-14 14:49:11,224 Nanoplotter: Creating timeplots using 107122 reads.
2023-12-14 14:49:13,376 Created timeplots.
2023-12-14 14:49:13,376 Writing html report.
2023-12-14 14:49:18,239 Finished!
