2023-12-14 15:53:20,463 NanoPlot 1.24.0 started with arguments Namespace(N50=False, alength=False, bam=None, barcoded=False, color='#4CB391', colormap='Greens', cram=None, downsample=None, dpi=100, drop_outliers=False, fasta=None, fastq=None, fastq_minimal=None, fastq_rich=['reads.fq.gz'], font_scale=1, format='png', listcolormaps=False, listcolors=False, loglength=False, maxlength=None, minlength=None, minqual=None, no_N50=False, outdir='.', percentqual=False, pickle=None, plots=['kde', 'dot'], prefix='', raw=False, readtype='1D', runtime_until=None, store=False, summary=None, threads=4, title=None, ubam=None, verbose=True)
2023-12-14 15:53:20,464 Python version is: 3.6.7 | packaged by conda-forge | (default, Jul  2 2019, 02:18:42)  [GCC 7.3.0]
2023-12-14 15:53:20,464 Nanoplotter: valid output format png
2023-12-14 15:53:20,471 Nanoget: Starting to collect statistics from rich fastq file.
2023-12-14 15:53:20,471 Nanoget: Decompressing gzipped fastq reads.fq.gz
2023-12-14 15:53:44,761 Reduced DataFrame memory usage from 21.452308654785156Mb to 9.789178848266602Mb
2023-12-14 15:53:44,920 Nanoget: Gathered all metrics of 109196 reads
2023-12-14 15:53:44,990 Calculated statistics
2023-12-14 15:53:44,990 Using sequenced read lengths for plotting.
2023-12-14 15:53:44,998 Nanoplotter: Valid color #4CB391.
2023-12-14 15:53:44,999 Nanoplotter: Valid colormap Greens.
2023-12-14 15:53:45,003 Nanoplotter: Creating length plots for Read length.
2023-12-14 15:53:45,003 Nanoplotter: Using 109196 reads maximum of 22198bp.
2023-12-14 15:53:47,472 Created length plots
2023-12-14 15:53:47,482 Nanoplotter: Creating Read lengths vs Average read quality plots using statistics from 109196 reads.
2023-12-14 15:53:51,889 Created LengthvsQual plot
2023-12-14 15:53:51,889 Nanoplotter: Creating heatmap of reads per channel using 109196 reads.
2023-12-14 15:53:52,332 Created spatialheatmap for succesfull basecalls.
2023-12-14 15:53:52,350 Nanoplotter: Creating timeplots using 109196 reads.
2023-12-14 15:53:53,941 Created timeplots.
2023-12-14 15:53:53,941 Writing html report.
2023-12-14 15:53:58,544 Finished!
