2023-12-18 10:50:20,013 NanoPlot 1.24.0 started with arguments Namespace(N50=False, alength=False, bam=None, barcoded=False, color='#4CB391', colormap='Greens', cram=None, downsample=None, dpi=100, drop_outliers=False, fasta=None, fastq=None, fastq_minimal=None, fastq_rich=['reads.fq.gz'], font_scale=1, format='png', listcolormaps=False, listcolors=False, loglength=False, maxlength=None, minlength=None, minqual=None, no_N50=False, outdir='.', percentqual=False, pickle=None, plots=['kde', 'dot'], prefix='', raw=False, readtype='1D', runtime_until=None, store=False, summary=None, threads=4, title=None, ubam=None, verbose=True)
2023-12-18 10:50:20,013 Python version is: 3.6.7 | packaged by conda-forge | (default, Jul  2 2019, 02:18:42)  [GCC 7.3.0]
2023-12-18 10:50:20,014 Nanoplotter: valid output format png
2023-12-18 10:50:20,019 Nanoget: Starting to collect statistics from rich fastq file.
2023-12-18 10:50:20,019 Nanoget: Decompressing gzipped fastq reads.fq.gz
2023-12-18 10:50:33,835 Reduced DataFrame memory usage from 12.96910285949707Mb to 5.918201446533203Mb
2023-12-18 10:50:33,937 Nanoget: Gathered all metrics of 66015 reads
2023-12-18 10:50:33,984 Calculated statistics
2023-12-18 10:50:33,985 Using sequenced read lengths for plotting.
2023-12-18 10:50:33,991 Nanoplotter: Valid color #4CB391.
2023-12-18 10:50:33,992 Nanoplotter: Valid colormap Greens.
2023-12-18 10:50:33,995 Nanoplotter: Creating length plots for Read length.
2023-12-18 10:50:33,995 Nanoplotter: Using 66015 reads maximum of 7624bp.
2023-12-18 10:50:35,789 Created length plots
2023-12-18 10:50:35,795 Nanoplotter: Creating Read lengths vs Average read quality plots using statistics from 66015 reads.
2023-12-18 10:50:39,786 Created LengthvsQual plot
2023-12-18 10:50:39,787 Nanoplotter: Creating heatmap of reads per channel using 66015 reads.
2023-12-18 10:50:40,228 Created spatialheatmap for succesfull basecalls.
2023-12-18 10:50:40,239 Nanoplotter: Creating timeplots using 66015 reads.
2023-12-18 10:50:41,767 Created timeplots.
2023-12-18 10:50:41,767 Writing html report.
2023-12-18 10:50:45,519 Finished!
