2023-12-18 10:23:39,479 NanoPlot 1.24.0 started with arguments Namespace(N50=False, alength=False, bam=None, barcoded=False, color='#4CB391', colormap='Greens', cram=None, downsample=None, dpi=100, drop_outliers=False, fasta=None, fastq=None, fastq_minimal=None, fastq_rich=['reads.fq.gz'], font_scale=1, format='png', listcolormaps=False, listcolors=False, loglength=False, maxlength=None, minlength=None, minqual=None, no_N50=False, outdir='.', percentqual=False, pickle=None, plots=['kde', 'dot'], prefix='', raw=False, readtype='1D', runtime_until=None, store=False, summary=None, threads=4, title=None, ubam=None, verbose=True)
2023-12-18 10:23:39,479 Python version is: 3.6.7 | packaged by conda-forge | (default, Jul  2 2019, 02:18:42)  [GCC 7.3.0]
2023-12-18 10:23:39,479 Nanoplotter: valid output format png
2023-12-18 10:23:39,486 Nanoget: Starting to collect statistics from rich fastq file.
2023-12-18 10:23:39,486 Nanoget: Decompressing gzipped fastq reads.fq.gz
2023-12-18 10:24:03,650 Reduced DataFrame memory usage from 20.388887405395508Mb to 9.30392837524414Mb
2023-12-18 10:24:03,803 Nanoget: Gathered all metrics of 103783 reads
2023-12-18 10:24:03,889 Calculated statistics
2023-12-18 10:24:03,890 Using sequenced read lengths for plotting.
2023-12-18 10:24:03,901 Nanoplotter: Valid color #4CB391.
2023-12-18 10:24:03,902 Nanoplotter: Valid colormap Greens.
2023-12-18 10:24:03,908 Nanoplotter: Creating length plots for Read length.
2023-12-18 10:24:03,909 Nanoplotter: Using 103783 reads maximum of 60826bp.
2023-12-18 10:24:06,701 Created length plots
2023-12-18 10:24:06,711 Nanoplotter: Creating Read lengths vs Average read quality plots using statistics from 103783 reads.
2023-12-18 10:24:11,135 Created LengthvsQual plot
2023-12-18 10:24:11,135 Nanoplotter: Creating heatmap of reads per channel using 103783 reads.
2023-12-18 10:24:11,641 Created spatialheatmap for succesfull basecalls.
2023-12-18 10:24:11,661 Nanoplotter: Creating timeplots using 103783 reads.
2023-12-18 10:24:13,738 Created timeplots.
2023-12-18 10:24:13,738 Writing html report.
2023-12-18 10:24:18,525 Finished!
