2023-12-15 14:40:54,409 NanoPlot 1.24.0 started with arguments Namespace(N50=False, alength=False, bam=None, barcoded=False, color='#4CB391', colormap='Greens', cram=None, downsample=None, dpi=100, drop_outliers=False, fasta=None, fastq=None, fastq_minimal=None, fastq_rich=['reads.fq.gz'], font_scale=1, format='png', listcolormaps=False, listcolors=False, loglength=False, maxlength=None, minlength=None, minqual=None, no_N50=False, outdir='.', percentqual=False, pickle=None, plots=['kde', 'dot'], prefix='', raw=False, readtype='1D', runtime_until=None, store=False, summary=None, threads=4, title=None, ubam=None, verbose=True)
2023-12-15 14:40:54,409 Python version is: 3.6.7 | packaged by conda-forge | (default, Jul  2 2019, 02:18:42)  [GCC 7.3.0]
2023-12-15 14:40:54,412 Nanoplotter: valid output format png
2023-12-15 14:40:54,417 Nanoget: Starting to collect statistics from rich fastq file.
2023-12-15 14:40:54,417 Nanoget: Decompressing gzipped fastq reads.fq.gz
2023-12-15 14:41:18,302 Reduced DataFrame memory usage from 20.388887405395508Mb to 9.30392837524414Mb
2023-12-15 14:41:18,452 Nanoget: Gathered all metrics of 103783 reads
2023-12-15 14:41:18,520 Calculated statistics
2023-12-15 14:41:18,520 Using sequenced read lengths for plotting.
2023-12-15 14:41:18,528 Nanoplotter: Valid color #4CB391.
2023-12-15 14:41:18,529 Nanoplotter: Valid colormap Greens.
2023-12-15 14:41:18,533 Nanoplotter: Creating length plots for Read length.
2023-12-15 14:41:18,533 Nanoplotter: Using 103783 reads maximum of 60826bp.
2023-12-15 14:41:21,325 Created length plots
2023-12-15 14:41:21,335 Nanoplotter: Creating Read lengths vs Average read quality plots using statistics from 103783 reads.
2023-12-15 14:41:25,660 Created LengthvsQual plot
2023-12-15 14:41:25,661 Nanoplotter: Creating heatmap of reads per channel using 103783 reads.
2023-12-15 14:41:26,113 Created spatialheatmap for succesfull basecalls.
2023-12-15 14:41:26,128 Nanoplotter: Creating timeplots using 103783 reads.
2023-12-15 14:41:27,944 Created timeplots.
2023-12-15 14:41:27,944 Writing html report.
2023-12-15 14:41:32,680 Finished!
