2023-12-14 14:48:38,739 NanoPlot 1.24.0 started with arguments Namespace(N50=False, alength=False, bam=None, barcoded=False, color='#4CB391', colormap='Greens', cram=None, downsample=None, dpi=100, drop_outliers=False, fasta=None, fastq=None, fastq_minimal=None, fastq_rich=['reads.fq.gz'], font_scale=1, format='png', listcolormaps=False, listcolors=False, loglength=False, maxlength=None, minlength=None, minqual=None, no_N50=False, outdir='.', percentqual=False, pickle=None, plots=['kde', 'dot'], prefix='', raw=False, readtype='1D', runtime_until=None, store=False, summary=None, threads=4, title=None, ubam=None, verbose=True)
2023-12-14 14:48:38,739 Python version is: 3.6.7 | packaged by conda-forge | (default, Jul  2 2019, 02:18:42)  [GCC 7.3.0]
2023-12-14 14:48:38,740 Nanoplotter: valid output format png
2023-12-14 14:48:38,747 Nanoget: Starting to collect statistics from rich fastq file.
2023-12-14 14:48:38,747 Nanoget: Decompressing gzipped fastq reads.fq.gz
2023-12-14 14:49:01,640 Reduced DataFrame memory usage from 19.380081176757812Mb to 8.843599319458008Mb
2023-12-14 14:49:01,783 Nanoget: Gathered all metrics of 98648 reads
2023-12-14 14:49:01,850 Calculated statistics
2023-12-14 14:49:01,850 Using sequenced read lengths for plotting.
2023-12-14 14:49:01,857 Removed 1 artefactual reads with very short length and very high quality.
2023-12-14 14:49:01,920 Calculated statistics
2023-12-14 14:49:01,921 Nanoplotter: Valid color #4CB391.
2023-12-14 14:49:01,921 Nanoplotter: Valid colormap Greens.
2023-12-14 14:49:01,925 Nanoplotter: Creating length plots for Read length.
2023-12-14 14:49:01,926 Nanoplotter: Using 98647 reads maximum of 54812bp.
2023-12-14 14:49:04,838 Created length plots
2023-12-14 14:49:04,848 Nanoplotter: Creating Read lengths vs Average read quality plots using statistics from 98647 reads.
2023-12-14 14:49:09,121 Created LengthvsQual plot
2023-12-14 14:49:09,121 Nanoplotter: Creating heatmap of reads per channel using 98647 reads.
2023-12-14 14:49:09,570 Created spatialheatmap for succesfull basecalls.
2023-12-14 14:49:09,584 Nanoplotter: Creating timeplots using 98647 reads.
2023-12-14 14:49:11,575 Created timeplots.
2023-12-14 14:49:11,575 Writing html report.
2023-12-14 14:49:16,631 Finished!
