2023-12-18 10:23:39,345 NanoPlot 1.24.0 started with arguments Namespace(N50=False, alength=False, bam=None, barcoded=False, color='#4CB391', colormap='Greens', cram=None, downsample=None, dpi=100, drop_outliers=False, fasta=None, fastq=None, fastq_minimal=None, fastq_rich=['reads.fq.gz'], font_scale=1, format='png', listcolormaps=False, listcolors=False, loglength=False, maxlength=None, minlength=None, minqual=None, no_N50=False, outdir='.', percentqual=False, pickle=None, plots=['kde', 'dot'], prefix='', raw=False, readtype='1D', runtime_until=None, store=False, summary=None, threads=4, title=None, ubam=None, verbose=True)
2023-12-18 10:23:39,345 Python version is: 3.6.7 | packaged by conda-forge | (default, Jul  2 2019, 02:18:42)  [GCC 7.3.0]
2023-12-18 10:23:39,346 Nanoplotter: valid output format png
2023-12-18 10:23:39,352 Nanoget: Starting to collect statistics from rich fastq file.
2023-12-18 10:23:39,353 Nanoget: Decompressing gzipped fastq reads.fq.gz
2023-12-18 10:24:01,956 Reduced DataFrame memory usage from 19.380081176757812Mb to 8.843599319458008Mb
2023-12-18 10:24:02,087 Nanoget: Gathered all metrics of 98648 reads
2023-12-18 10:24:02,153 Calculated statistics
2023-12-18 10:24:02,154 Using sequenced read lengths for plotting.
2023-12-18 10:24:02,161 Removed 1 artefactual reads with very short length and very high quality.
2023-12-18 10:24:02,224 Calculated statistics
2023-12-18 10:24:02,225 Nanoplotter: Valid color #4CB391.
2023-12-18 10:24:02,225 Nanoplotter: Valid colormap Greens.
2023-12-18 10:24:02,229 Nanoplotter: Creating length plots for Read length.
2023-12-18 10:24:02,230 Nanoplotter: Using 98647 reads maximum of 54812bp.
2023-12-18 10:24:05,186 Created length plots
2023-12-18 10:24:05,195 Nanoplotter: Creating Read lengths vs Average read quality plots using statistics from 98647 reads.
2023-12-18 10:24:09,504 Created LengthvsQual plot
2023-12-18 10:24:09,504 Nanoplotter: Creating heatmap of reads per channel using 98647 reads.
2023-12-18 10:24:09,955 Created spatialheatmap for succesfull basecalls.
2023-12-18 10:24:09,970 Nanoplotter: Creating timeplots using 98647 reads.
2023-12-18 10:24:11,515 Created timeplots.
2023-12-18 10:24:11,515 Writing html report.
2023-12-18 10:24:16,264 Finished!
