2023-12-18 10:50:39,598 NanoPlot 1.24.0 started with arguments Namespace(N50=False, alength=False, bam=None, barcoded=False, color='#4CB391', colormap='Greens', cram=None, downsample=None, dpi=100, drop_outliers=False, fasta=None, fastq=None, fastq_minimal=None, fastq_rich=['reads.fq.gz'], font_scale=1, format='png', listcolormaps=False, listcolors=False, loglength=False, maxlength=None, minlength=None, minqual=None, no_N50=False, outdir='.', percentqual=False, pickle=None, plots=['kde', 'dot'], prefix='', raw=False, readtype='1D', runtime_until=None, store=False, summary=None, threads=4, title=None, ubam=None, verbose=True)
2023-12-18 10:50:39,598 Python version is: 3.6.7 | packaged by conda-forge | (default, Jul  2 2019, 02:18:42)  [GCC 7.3.0]
2023-12-18 10:50:39,599 Nanoplotter: valid output format png
2023-12-18 10:50:39,604 Nanoget: Starting to collect statistics from rich fastq file.
2023-12-18 10:50:39,604 Nanoget: Decompressing gzipped fastq reads.fq.gz
2023-12-18 10:51:04,595 Reduced DataFrame memory usage from 21.748762130737305Mb to 9.924453735351562Mb
2023-12-18 10:51:04,752 Nanoget: Gathered all metrics of 110705 reads
2023-12-18 10:51:04,822 Calculated statistics
2023-12-18 10:51:04,823 Using sequenced read lengths for plotting.
2023-12-18 10:51:04,831 Nanoplotter: Valid color #4CB391.
2023-12-18 10:51:04,832 Nanoplotter: Valid colormap Greens.
2023-12-18 10:51:04,836 Nanoplotter: Creating length plots for Read length.
2023-12-18 10:51:04,837 Nanoplotter: Using 110705 reads maximum of 8811bp.
2023-12-18 10:51:07,157 Created length plots
2023-12-18 10:51:07,167 Nanoplotter: Creating Read lengths vs Average read quality plots using statistics from 110705 reads.
2023-12-18 10:51:11,599 Created LengthvsQual plot
2023-12-18 10:51:11,600 Nanoplotter: Creating heatmap of reads per channel using 110705 reads.
2023-12-18 10:51:12,044 Created spatialheatmap for succesfull basecalls.
2023-12-18 10:51:12,061 Nanoplotter: Creating timeplots using 110705 reads.
2023-12-18 10:51:13,623 Created timeplots.
2023-12-18 10:51:13,623 Writing html report.
2023-12-18 10:51:18,160 Finished!
