2023-12-14 15:53:17,270 NanoPlot 1.24.0 started with arguments Namespace(N50=False, alength=False, bam=None, barcoded=False, color='#4CB391', colormap='Greens', cram=None, downsample=None, dpi=100, drop_outliers=False, fasta=None, fastq=None, fastq_minimal=None, fastq_rich=['reads.fq.gz'], font_scale=1, format='png', listcolormaps=False, listcolors=False, loglength=False, maxlength=None, minlength=None, minqual=None, no_N50=False, outdir='.', percentqual=False, pickle=None, plots=['kde', 'dot'], prefix='', raw=False, readtype='1D', runtime_until=None, store=False, summary=None, threads=4, title=None, ubam=None, verbose=True)
2023-12-14 15:53:17,270 Python version is: 3.6.7 | packaged by conda-forge | (default, Jul  2 2019, 02:18:42)  [GCC 7.3.0]
2023-12-14 15:53:17,271 Nanoplotter: valid output format png
2023-12-14 15:53:17,278 Nanoget: Starting to collect statistics from rich fastq file.
2023-12-14 15:53:17,278 Nanoget: Decompressing gzipped fastq reads.fq.gz
2023-12-14 15:53:39,692 Reduced DataFrame memory usage from 19.584003448486328Mb to 8.936651229858398Mb
2023-12-14 15:53:39,849 Nanoget: Gathered all metrics of 99686 reads
2023-12-14 15:53:39,913 Calculated statistics
2023-12-14 15:53:39,914 Using sequenced read lengths for plotting.
2023-12-14 15:53:39,922 Nanoplotter: Valid color #4CB391.
2023-12-14 15:53:39,922 Nanoplotter: Valid colormap Greens.
2023-12-14 15:53:39,926 Nanoplotter: Creating length plots for Read length.
2023-12-14 15:53:39,927 Nanoplotter: Using 99686 reads maximum of 32571bp.
2023-12-14 15:53:42,398 Created length plots
2023-12-14 15:53:42,407 Nanoplotter: Creating Read lengths vs Average read quality plots using statistics from 99686 reads.
2023-12-14 15:53:46,811 Created LengthvsQual plot
2023-12-14 15:53:46,811 Nanoplotter: Creating heatmap of reads per channel using 99686 reads.
2023-12-14 15:53:47,264 Created spatialheatmap for succesfull basecalls.
2023-12-14 15:53:47,279 Nanoplotter: Creating timeplots using 99686 reads.
2023-12-14 15:53:48,886 Created timeplots.
2023-12-14 15:53:48,887 Writing html report.
2023-12-14 15:53:53,516 Finished!
