2023-12-18 10:23:39,553 NanoPlot 1.24.0 started with arguments Namespace(N50=False, alength=False, bam=None, barcoded=False, color='#4CB391', colormap='Greens', cram=None, downsample=None, dpi=100, drop_outliers=False, fasta=None, fastq=None, fastq_minimal=None, fastq_rich=['reads.fq.gz'], font_scale=1, format='png', listcolormaps=False, listcolors=False, loglength=False, maxlength=None, minlength=None, minqual=None, no_N50=False, outdir='.', percentqual=False, pickle=None, plots=['kde', 'dot'], prefix='', raw=False, readtype='1D', runtime_until=None, store=False, summary=None, threads=4, title=None, ubam=None, verbose=True)
2023-12-18 10:23:39,553 Python version is: 3.6.7 | packaged by conda-forge | (default, Jul  2 2019, 02:18:42)  [GCC 7.3.0]
2023-12-18 10:23:39,553 Nanoplotter: valid output format png
2023-12-18 10:23:39,559 Nanoget: Starting to collect statistics from rich fastq file.
2023-12-18 10:23:39,560 Nanoget: Decompressing gzipped fastq reads.fq.gz
2023-12-18 10:24:08,688 Reduced DataFrame memory usage from 25.50580406188965Mb to 11.88646125793457Mb
2023-12-18 10:24:08,867 Nanoget: Gathered all metrics of 129829 reads
2023-12-18 10:24:08,949 Calculated statistics
2023-12-18 10:24:08,950 Using sequenced read lengths for plotting.
2023-12-18 10:24:08,959 Nanoplotter: Valid color #4CB391.
2023-12-18 10:24:08,960 Nanoplotter: Valid colormap Greens.
2023-12-18 10:24:08,965 Nanoplotter: Creating length plots for Read length.
2023-12-18 10:24:08,966 Nanoplotter: Using 129829 reads maximum of 115155bp.
2023-12-18 10:24:12,819 Created length plots
2023-12-18 10:24:12,833 Nanoplotter: Creating Read lengths vs Average read quality plots using statistics from 129829 reads.
2023-12-18 10:24:17,354 Created LengthvsQual plot
2023-12-18 10:24:17,354 Nanoplotter: Creating heatmap of reads per channel using 129829 reads.
2023-12-18 10:24:17,805 Created spatialheatmap for succesfull basecalls.
2023-12-18 10:24:17,827 Nanoplotter: Creating timeplots using 129829 reads.
2023-12-18 10:24:19,497 Created timeplots.
2023-12-18 10:24:19,497 Writing html report.
2023-12-18 10:24:25,187 Finished!
