2023-12-18 10:23:39,406 NanoPlot 1.24.0 started with arguments Namespace(N50=False, alength=False, bam=None, barcoded=False, color='#4CB391', colormap='Greens', cram=None, downsample=None, dpi=100, drop_outliers=False, fasta=None, fastq=None, fastq_minimal=None, fastq_rich=['reads.fq.gz'], font_scale=1, format='png', listcolormaps=False, listcolors=False, loglength=False, maxlength=None, minlength=None, minqual=None, no_N50=False, outdir='.', percentqual=False, pickle=None, plots=['kde', 'dot'], prefix='', raw=False, readtype='1D', runtime_until=None, store=False, summary=None, threads=4, title=None, ubam=None, verbose=True)
2023-12-18 10:23:39,420 Python version is: 3.6.7 | packaged by conda-forge | (default, Jul  2 2019, 02:18:42)  [GCC 7.3.0]
2023-12-18 10:23:39,420 Nanoplotter: valid output format png
2023-12-18 10:23:39,427 Nanoget: Starting to collect statistics from rich fastq file.
2023-12-18 10:23:39,427 Nanoget: Decompressing gzipped fastq reads.fq.gz
2023-12-18 10:23:55,645 Reduced DataFrame memory usage from 15.193584442138672Mb to 7.080766677856445Mb
2023-12-18 10:23:55,757 Nanoget: Gathered all metrics of 77338 reads
2023-12-18 10:23:55,813 Calculated statistics
2023-12-18 10:23:55,814 Using sequenced read lengths for plotting.
2023-12-18 10:23:55,821 Nanoplotter: Valid color #4CB391.
2023-12-18 10:23:55,822 Nanoplotter: Valid colormap Greens.
2023-12-18 10:23:55,825 Nanoplotter: Creating length plots for Read length.
2023-12-18 10:23:55,826 Nanoplotter: Using 77338 reads maximum of 65883bp.
2023-12-18 10:23:58,378 Created length plots
2023-12-18 10:23:58,387 Nanoplotter: Creating Read lengths vs Average read quality plots using statistics from 77338 reads.
2023-12-18 10:24:02,447 Created LengthvsQual plot
2023-12-18 10:24:02,447 Nanoplotter: Creating heatmap of reads per channel using 77338 reads.
2023-12-18 10:24:02,897 Created spatialheatmap for succesfull basecalls.
2023-12-18 10:24:02,910 Nanoplotter: Creating timeplots using 77338 reads.
2023-12-18 10:24:04,618 Created timeplots.
2023-12-18 10:24:04,619 Writing html report.
2023-12-18 10:24:09,044 Finished!
