2023-12-14 14:48:38,665 NanoPlot 1.24.0 started with arguments Namespace(N50=False, alength=False, bam=None, barcoded=False, color='#4CB391', colormap='Greens', cram=None, downsample=None, dpi=100, drop_outliers=False, fasta=None, fastq=None, fastq_minimal=None, fastq_rich=['reads.fq.gz'], font_scale=1, format='png', listcolormaps=False, listcolors=False, loglength=False, maxlength=None, minlength=None, minqual=None, no_N50=False, outdir='.', percentqual=False, pickle=None, plots=['kde', 'dot'], prefix='', raw=False, readtype='1D', runtime_until=None, store=False, summary=None, threads=4, title=None, ubam=None, verbose=True)
2023-12-14 14:48:38,665 Python version is: 3.6.7 | packaged by conda-forge | (default, Jul  2 2019, 02:18:42)  [GCC 7.3.0]
2023-12-14 14:48:38,665 Nanoplotter: valid output format png
2023-12-14 14:48:38,672 Nanoget: Starting to collect statistics from rich fastq file.
2023-12-14 14:48:38,672 Nanoget: Decompressing gzipped fastq reads.fq.gz
2023-12-14 14:48:57,718 Reduced DataFrame memory usage from 16.934782028198242Mb to 7.727783203125Mb
2023-12-14 14:48:57,843 Nanoget: Gathered all metrics of 86201 reads
2023-12-14 14:48:57,902 Calculated statistics
2023-12-14 14:48:57,902 Using sequenced read lengths for plotting.
2023-12-14 14:48:57,909 Removed 1 artefactual reads with very short length and very high quality.
2023-12-14 14:48:57,964 Calculated statistics
2023-12-14 14:48:57,965 Nanoplotter: Valid color #4CB391.
2023-12-14 14:48:57,965 Nanoplotter: Valid colormap Greens.
2023-12-14 14:48:57,969 Nanoplotter: Creating length plots for Read length.
2023-12-14 14:48:57,970 Nanoplotter: Using 86200 reads maximum of 17107bp.
2023-12-14 14:49:00,140 Created length plots
2023-12-14 14:49:00,148 Nanoplotter: Creating Read lengths vs Average read quality plots using statistics from 86200 reads.
2023-12-14 14:49:04,325 Created LengthvsQual plot
2023-12-14 14:49:04,325 Nanoplotter: Creating heatmap of reads per channel using 86200 reads.
2023-12-14 14:49:04,766 Created spatialheatmap for succesfull basecalls.
2023-12-14 14:49:04,780 Nanoplotter: Creating timeplots using 86200 reads.
2023-12-14 14:49:06,583 Created timeplots.
2023-12-14 14:49:06,584 Writing html report.
2023-12-14 14:49:10,953 Finished!
